Starting Subdomain Enumeration for olx.in
Results will be saved in: /home/robin/kali/BugBounty/olx.in
******************************** Passive Enumeration ********************************
jq: parse error: Invalid numeric literal at line 1, column 7
10.72.180.60www.olx.in
abohar.olx.in
admin2.automation1.test.cashmycar.olx.in
admin2.cashmycar.olx.in
admin2.qc.dev.cashmycar.olx.in
admin.automation1.test.cashmycar.olx.in
admin.cashmycar.olx.in
admin.qc.dev.cashmycar.olx.in
agartala.olx.in
agra.olx.in
ahmadnagar.olx.in
ahmedabad.olx.in
ajmer.olx.in
akola.olx.in
alandur.olx.in
alappuzha.olx.in
aligarh-uttarpradesh.olx.in
allahabad.olx.in
alwar.olx.in
amalapuram.olx.in
ambalacantonment.olx.in
ambala.olx.in
ambalasadar.olx.in
ambasamudram.olx.in
ambattur.olx.in
amreli.olx.in
amritsar.olx.in
amroha-uttarpradesh.olx.in
anakapalle.olx.in
anand.olx.in
anantapur.olx.in
andhrapradesh.olx.in
api.automation1.test.cashmycar.olx.in
api.cashmycar.olx.in
api.in.cashmycar.olx.in
apollo.olx.in
arani.olx.in
ara.olx.in
arunachalpradesh.olx.in
auctiondashboard.cashmycar.olx.in
aurangabad.olx.in
avadi.olx.in
badlapur.olx.in
bagalkot.olx.in
bahadurgarh.olx.in
bally.olx.in
banda-uttarpradesh.olx.in
bangalore.olx.in
baraut-uttarpradesh.olx.in
bardhaman.olx.in
barmer.olx.in
barnala.olx.in
barrackpore.olx.in
baruipur.olx.in
bathinda.olx.in
begusarai.olx.in
belgaum.olx.in
bhadreswar.olx.in
bhilai.olx.in
bhiwani.olx.in
bhopal.olx.in
bhubaneswae.olx.in
bijapur.olx.in
bikaner.olx.in
bilaspur.olx.in
blog.cashmycar.olx.in
bommanahalli.olx.in
business.olx.in
cashmycar.olx.in
cdn.cashmycar.olx.in
chandigarhcity.olx.in
chandkheda.olx.in
changanacheri.olx.in
chat.olx.in
cherthala.olx.in
chikballapur.olx.in
chikmagalur.olx.in
chitradurga.olx.in
chittur.olx.in
chopda.olx.in
credpanel.qc.dev.cashmycar.olx.in
customer.automation1.test.cashmycar.olx.in
customer-stg.dev.olx.in
daman.olx.in
damoh.olx.in
dealer.automation1.test.cashmycar.olx.in
dealer.cashmycar.olx.in
dealer.qc-test.cashmycar.olx.in
dehradun.olx.in
dev.cashmycar.olx.in
dev.olx.in
diu.olx.in
dombivali.olx.in
durgbhilainagar.olx.in
eluru.olx.in
faridabadnewtownship.olx.in
fazilka.olx.in
financing.cashmycar.olx.in
firozpur.olx.in
gajuwaka.olx.in
gandhidham.olx.in
ghaziabad.olx.in
goa.olx.in
gulbarga.olx.in
guntur.olx.in
guruvayur.olx.in
guwahati.olx.in
gwalior.olx.in
haldia.olx.in
hardwar.olx.in
haryana.olx.in
haveri.olx.in
help.olx.in
howrahmc.olx.in
hrsupport.olx.in
hubli.olx.in
hyderabad.olx.in
image.info.olx.in
images01.olx.in
images02.olx.in
images03.olx.in
images04.olx.in
indore.olx.in
jaipur.olx.in
jalandhar.olx.in
jalgaon.olx.in
jhansi-uttarpradesh.olx.in
jharkhand.olx.in
jodhpur.olx.in
jorhat.olx.in
kadayanallur.olx.in
kaithal.olx.in
kanhangad.olx.in
karauli.olx.in
karnal.olx.in
karnataka.olx.in
karur.olx.in
kayamkulam.olx.in
kerala.olx.in
khamman.olx.in
khopoli.olx.in
kochi.olx.in
kodungallur.olx.in
kolhapur.olx.in
kolkata.olx.in
kollam.olx.in
kota.olx.in
kottayam.olx.in
kovilpatti.olx.in
kozhikode.olx.in
kunnamkulam.olx.in
kurnool.olx.in
kurukshetra.olx.in
laquesis.olx.in
live-auction.cashmycar.olx.in
madgaon.olx.in
madurai.olx.in
maharashtra.olx.in
malappuram.olx.in
malkapur.olx.in
mangalore.olx.in
manjeri.olx.in
mannargudi.olx.in
meerut-uttarpradesh.olx.in
metromanila.olx.in
mhow.olx.in
moga.olx.in
m.olx.in
mumbai.olx.in
nabha.olx.in
nagpur.olx.in
nallasopara.olx.in
nanded.olx.in
nashik.olx.in
navimumbai.olx.in
newdelhi.olx.in
neyyattinkara.olx.in
oldmalda.olx.in
olx.in
ongole.olx.in
origin.admin2.cashmycar.olx.in
origin.admin.cashmycar.olx.in
origin.credpanel.cashmycar.olx.in
origin.dealer.cashmycar.olx.in
orissa.olx.in
panaji.olx.in
panipat.olx.in
panvel.olx.in
parbhani.olx.in
pathankot.olx.in
patiala.olx.in
pondicherry.olx.in
pune.olx.in
punjab.olx.in
purnia.olx.in
qc-test.cashmycar.olx.in
raipur.olx.in
rajapalaiyam.olx.in
ramachandrapuram.olx.in
ramanagaram.olx.in
ranchi.olx.in
ratnagiri.olx.in
renew.olx.in
rewari.olx.in
s1.olx.in
s2.olx.in
s4.olx.in
salem.olx.in
sanglimiraj.olx.in
sasnagar.olx.in
servicedesk.olx.in
shimoga.olx.in
siligurimc.olx.in
siwan.olx.in
solapur.olx.in
ssl.olx.in
staging-admin2.cashmycar.olx.in
staging-admin.cashmycar.olx.in
staging.cashmycar.olx.in
staging-dealer.cashmycar.olx.in
staging-www.cashmycar.olx.in
stateofdelhi.olx.in
statics.olx.in
stg.infra.olx.in
sunabeda.olx.in
suratgarh.olx.in
surat.olx.in
tamluk.olx.in
thrissur.olx.in
tinsukia.olx.in
tiruchirappalli.olx.in
tiruppur.olx.in
tirur.olx.in
tiruvalla.olx.in
ulhasnagar.olx.in
vadakara.olx.in
vellore.olx.in
vijayawada.olx.in
virar.olx.in
visakhpatnam.olx.in
vizianagaram.olx.in
wardha.olx.in
ww.olx.in
www.blog.cashmycar.olx.in
www.cashmycar.olx.in
www.customer.olx.in
www.guntur.olx.in
www.hoshiarpur.olx.in
www.olx.in
www.olx.inwww.olx.in
www.qc-test.cashmycar.olx.in
wwww.olx.in
API count exceeded - Increase Quota with Membership
looksaleet.click
lovesmensk.click
mirzacars.com
olx-clone-83579.firebaseapp.com
test.mirzacars.com
www.olx.in
******************************** Active Enumeration ********************************

               __    _____           __         
   _______  __/ /_  / __(_)___  ____/ /__  _____
  / ___/ / / / __ \/ /_/ / __ \/ __  / _ \/ ___/
 (__  ) /_/ / /_/ / __/ / / / / /_/ /  __/ /    
/____/\__,_/_.___/_/ /_/_/ /_/\__,_/\___/_/

		projectdiscovery.io

[[34mINF[0m] Current subfinder version v2.6.8 ([92mlatest[0m)
[[34mINF[0m] Loading provider config from /home/robin/.config/subfinder/provider-config.yaml
[[34mINF[0m] Enumerating subdomains for olx.in
belgaum.olx.in
kottayam.olx.in
test34.cashmycar.olx.in
test23.cashmycar.olx.in
customer.automation1.test.cashmycar.olx.in
mannargudi.olx.in
virar.olx.in
nallasopara.olx.in
mhow.olx.in
test18.cashmycar.olx.in
rajapalaiyam.olx.in
baruipur.olx.in
test31.cashmycar.olx.in
test26.cashmycar.olx.in
chandigarhcity.olx.in
patiala.olx.in
panaji.olx.in
kota.olx.in
bilaspur.olx.in
jorhat.olx.in
mumbai.olx.in
dealer.automation1.test.cashmycar.olx.in
staging-admin.cashmycar.olx.in
alappuzha.olx.in
ulhasnagar.olx.in
jhansi-uttarpradesh.olx.in
prd.infra.olx.in
madgaon.olx.in
metromanila.olx.in
images03.olx.in
moga.olx.in
khopoli.olx.in
avadi.olx.in
www.qc-test.cashmycar.olx.in
kolhapur.olx.in
kollam.olx.in
oldmalda.olx.in
staging-dealer.cashmycar.olx.in
salem.olx.in
shimoga.olx.in
chittur.olx.in
apollo.olx.in
neyyattinkara.olx.in
s1.olx.in
test1.cashmycar.olx.in
help.olx.in
auctiondashboard.cashmycar.olx.in
barnala.olx.in
jalgaon.olx.in
kolkata.olx.in
m.olx.in
arani.olx.in
tracking.olx.in
andhrapradesh.olx.in
kurukshetra.olx.in
nabha.olx.in
hyderabad.olx.in
jalandhar.olx.in
wwww.olx.in
test38.cashmycar.olx.in
renew.olx.in
dealer.cashmycar.olx.in
admin2.qc.dev.cashmycar.olx.in
faridabadnewtownship.olx.in
kunnamkulam.olx.in
tirur.olx.in
test36.cashmycar.olx.in
test5.cashmycar.olx.in
images01.olx.in
chat.olx.in
admin.qc.dev.cashmycar.olx.in
anakapalle.olx.in
panipat.olx.in
firozpur.olx.in
test6.cashmycar.olx.in
cashmycar.olx.in
goa.olx.in
test14.cashmycar.olx.in
s4.olx.in
gwalior.olx.in
vijayawada.olx.in
solapur.olx.in
daman.olx.in
test37.cashmycar.olx.in
test27.cashmycar.olx.in
ssl.olx.in
dev.cashmycar.olx.in
staging-www.cashmycar.olx.in
bikaner.olx.in
ahmadnagar.olx.in
customer-stg.dev.olx.in
kozhikode.olx.in
pondicherry.olx.in
origin.admin2.cashmycar.olx.in
financing.cashmycar.olx.in
siligurimc.olx.in
vellore.olx.in
panvel.olx.in
thrissur.olx.in
barrackpore.olx.in
ratnagiri.olx.in
test15.cashmycar.olx.in
test35.cashmycar.olx.in
dealer.qc-test.cashmycar.olx.in
karnataka.olx.in
apollo-qa.olx.in
test16.cashmycar.olx.in
ghaziabad.olx.in
haryana.olx.in
cdn.cashmycar.olx.in
ranchi.olx.in
parbhani.olx.in
www.hoshiarpur.olx.in
madurai.olx.in
gajuwaka.olx.in
test11.cashmycar.olx.in
www.in.cashmycar.olx.in
admin2.automation1.test.cashmycar.olx.in
admin.automation1.test.cashmycar.olx.in
alandur.olx.in
baraut-uttarpradesh.olx.in
jodhpur.olx.in
kaithal.olx.in
kurnool.olx.in
prompthr.olx.in
in.cashmycar.olx.in
aligarh-uttarpradesh.olx.in
punjab.olx.in
diu.olx.in
chikballapur.olx.in
test30.cashmycar.olx.in
kanhangad.olx.in
bijapur.olx.in
ahmedabad.olx.in
www.stage.cashmycar.olx.in
www.customer.olx.in
ambalasadar.olx.in
cherthala.olx.in
test29.cashmycar.olx.in
credpanel.qc.dev.cashmycar.olx.in
dehradun.olx.in
amalapuram.olx.in
begusarai.olx.in
ambattur.olx.in
bally.olx.in
test10.cashmycar.olx.in
servicedesk.olx.in
origin.credpanel.cashmycar.olx.in
10.72.180.60www.olx.in
karnal.olx.in
damoh.olx.in
badlapur.olx.in
dombivali.olx.in
test13.cashmycar.olx.in
live-auction.cashmycar.olx.in
blog.cashmycar.olx.in
images02.olx.in
images04.olx.in
ambala.olx.in
chikmagalur.olx.in
rewari.olx.in
bhopal.olx.in
surat.olx.in
ambasamudram.olx.in
akola.olx.in
www.guntur.olx.in
fazilka.olx.in
www.blog.cashmycar.olx.in
api.in.cashmycar.olx.in
eluru.olx.in
chitradurga.olx.in
apollo-stg.olx.in
test20.cashmycar.olx.in
qc-test.cashmycar.olx.in
indore.olx.in
bhiwani.olx.in
aurangabad.olx.in
admin.cashmycar.olx.in
business.olx.in
visakhpatnam.olx.in
staging.cashmycar.olx.in
sanglimiraj.olx.in
tiruppur.olx.in
test12.cashmycar.olx.in
www.olx.inwww.olx.in
admin2.cashmycar.olx.in
karur.olx.in
image.info.olx.in
test19.cashmycar.olx.in
test25.cashmycar.olx.in
test4.cashmycar.olx.in
tamluk.olx.in
gulbarga.olx.in
stateofdelhi.olx.in
origin.admin.cashmycar.olx.in
abohar.olx.in
tinsukia.olx.in
jharkhand.olx.in
nagpur.olx.in
kayamkulam.olx.in
malappuram.olx.in
bhilai.olx.in
sasnagar.olx.in
maharashtra.olx.in
siwan.olx.in
agra.olx.in
meerut-uttarpradesh.olx.in
credpanel.cashmycar.olx.in
banda-uttarpradesh.olx.in
test21.cashmycar.olx.in
stg.infra.olx.in
laquesis.olx.in
tiruvalla.olx.in
nanded.olx.in
suratgarh.olx.in
www.cashmycar.olx.in
api.cashmycar.olx.in
wardha.olx.in
ambalacantonment.olx.in
test2.cashmycar.olx.in
stage.cashmycar.olx.in
orissa.olx.in
amreli.olx.in
bagalkot.olx.in
jaipur.olx.in
haveri.olx.in
tiruchirappalli.olx.in
dc.olx.in
test33.cashmycar.olx.in
api.automation1.test.cashmycar.olx.in
amritsar.olx.in
tracking-stg.olx.in
bhubaneswae.olx.in
purnia.olx.in
agartala.olx.in
chopda.olx.in
guwahati.olx.in
hubli.olx.in
kerala.olx.in
manjeri.olx.in
pathankot.olx.in
ongole.olx.in
bommanahalli.olx.in
guruvayur.olx.in
malkapur.olx.in
test9.cashmycar.olx.in
test28.cashmycar.olx.in
vizianagaram.olx.in
newdelhi.olx.in
kovilpatti.olx.in
barmer.olx.in
mqa.olx.in
qa10.olx.in
www.olx.in
statics.olx.in
raipur.olx.in
howrahmc.olx.in
nashik.olx.in
haldia.olx.in
ajmer.olx.in
ramanagaram.olx.in
hardwar.olx.in
mangalore.olx.in
ww.olx.in
bangalore.olx.in
karauli.olx.in
kadayanallur.olx.in
ara.olx.in
alwar.olx.in
changanacheri.olx.in
pune.olx.in
dev.olx.in
staging-admin2.cashmycar.olx.in
allahabad.olx.in
navimumbai.olx.in
ramachandrapuram.olx.in
test3.cashmycar.olx.in
s2.olx.in
sunabeda.olx.in
test32.cashmycar.olx.in
durgbhilainagar.olx.in
kodungallur.olx.in
bhadreswar.olx.in
arunachalpradesh.olx.in
origin.dealer.cashmycar.olx.in
anand.olx.in
www.prompthr.olx.in
guntur.olx.in
kochi.olx.in
test8.cashmycar.olx.in
test22.cashmycar.olx.in
test24.cashmycar.olx.in
bathinda.olx.in
anantapur.olx.in
vadakara.olx.in
khamman.olx.in
bardhaman.olx.in
qa.infra.olx.in
hrsupport.olx.in
amroha-uttarpradesh.olx.in
chandkheda.olx.in
bahadurgarh.olx.in
gandhidham.olx.in
test17.cashmycar.olx.in
test7.cashmycar.olx.in
notify.olx.in
[[34mINF[0m] Found 306 subdomains for olx.in in 51 seconds 461 milliseconds
olx.in
www.olx.in
origin.credpanel.cashmycar.olx.in
help.olx.in
servicedesk.olx.in
cashmycar.olx.in
www.cashmycar.olx.in
auctiondashboard.cashmycar.olx.in
stg.infra.olx.in
olx.in
olx.in
prd.infra.olx.in
hrsupport.olx.in
apollo.olx.in
apollo-qa.olx.in
apollo-stg.olx.in
origin.admin2.cashmycar.olx.in
tracking.olx.in
tracking-stg.olx.in
cashmycar.olx.in
cashmycar.olx.in
origin.admin.cashmycar.olx.in
www.customer.olx.in
apollo.olx.in
apollo-stg.olx.in
live-auction.cashmycar.olx.in
qa.infra.olx.in
olx.in
www.olx.in
chat.olx.in
renew.olx.in
api.in.cashmycar.olx.in
customer-stg.dev.olx.in
dev.cashmycar.olx.in
*.dev.olx.in
dealer.cashmycar.olx.in
admin2.qc.dev.cashmycar.olx.in
credpanel.qc.dev.cashmycar.olx.in
admin.qc.dev.cashmycar.olx.in
qc-test.cashmycar.olx.in
www.qc-test.cashmycar.olx.in
dealer.qc-test.cashmycar.olx.in
origin.dealer.cashmycar.olx.in
blog.cashmycar.olx.in
www.blog.cashmycar.olx.in
origin.admin2.cashmycar.olx.in
origin.admin.cashmycar.olx.in
origin.dealer.cashmycar.olx.in
credpanel.cashmycar.olx.in
admin2.cashmycar.olx.in
admin.cashmycar.olx.in
dealer.cashmycar.olx.in
dev.cashmycar.olx.in
cashmycar.olx.in
www.cashmycar.olx.in
prompthr.olx.in
www.prompthr.olx.in
financing.cashmycar.olx.in
dc.olx.in
test11.cashmycar.olx.in
*.test12.cashmycar.olx.in
*.test13.cashmycar.olx.in
*.test14.cashmycar.olx.in
*.test15.cashmycar.olx.in
test16.cashmycar.olx.in
*.test17.cashmycar.olx.in
*.test18.cashmycar.olx.in
*.test19.cashmycar.olx.in
*.test20.cashmycar.olx.in
test10.cashmycar.olx.in
*.test6.cashmycar.olx.in
*.test7.cashmycar.olx.in
*.test8.cashmycar.olx.in
*.test9.cashmycar.olx.in
api.cashmycar.olx.in
cdn.cashmycar.olx.in
test36.cashmycar.olx.in
*.test37.cashmycar.olx.in
*.test38.cashmycar.olx.in
test31.cashmycar.olx.in
*.test32.cashmycar.olx.in
*.test33.cashmycar.olx.in
*.test34.cashmycar.olx.in
*.test35.cashmycar.olx.in
test26.cashmycar.olx.in
*.test27.cashmycar.olx.in
*.test28.cashmycar.olx.in
*.test29.cashmycar.olx.in
*.test30.cashmycar.olx.in
test21.cashmycar.olx.in
*.test22.cashmycar.olx.in
*.test23.cashmycar.olx.in
*.test24.cashmycar.olx.in
*.test25.cashmycar.olx.in
test1.cashmycar.olx.in
*.test2.cashmycar.olx.in
*.test3.cashmycar.olx.in
*.test4.cashmycar.olx.in
*.test5.cashmycar.olx.in
admin2.cashmycar.olx.in
admin.cashmycar.olx.in
cashmycar.olx.in
dealer.cashmycar.olx.in
www.cashmycar.olx.in
test37.cashmycar.olx.in
*.test38.cashmycar.olx.in
test33.cashmycar.olx.in
*.test34.cashmycar.olx.in
*.test35.cashmycar.olx.in
*.test36.cashmycar.olx.in
test29.cashmycar.olx.in
*.test30.cashmycar.olx.in
*.test31.cashmycar.olx.in
*.test32.cashmycar.olx.in
test25.cashmycar.olx.in
*.test26.cashmycar.olx.in
*.test27.cashmycar.olx.in
*.test28.cashmycar.olx.in
test21.cashmycar.olx.in
*.test22.cashmycar.olx.in
*.test23.cashmycar.olx.in
*.test24.cashmycar.olx.in
test17.cashmycar.olx.in
*.test18.cashmycar.olx.in
*.test19.cashmycar.olx.in
*.test20.cashmycar.olx.in
test13.cashmycar.olx.in
*.test14.cashmycar.olx.in
*.test15.cashmycar.olx.in
*.test16.cashmycar.olx.in
test10.cashmycar.olx.in
*.test11.cashmycar.olx.in
*.test12.cashmycar.olx.in
*.test9.cashmycar.olx.in
test5.cashmycar.olx.in
*.test6.cashmycar.olx.in
*.test7.cashmycar.olx.in
*.test8.cashmycar.olx.in
test1.cashmycar.olx.in
*.test2.cashmycar.olx.in
*.test3.cashmycar.olx.in
*.test4.cashmycar.olx.in
www.in.cashmycar.olx.in
in.cashmycar.olx.in
api.automation1.test.cashmycar.olx.in
dealer.automation1.test.cashmycar.olx.in
admin2.automation1.test.cashmycar.olx.in
admin.automation1.test.cashmycar.olx.in
customer.automation1.test.cashmycar.olx.in
staging-admin2.cashmycar.olx.in
staging-admin.cashmycar.olx.in
staging.cashmycar.olx.in
staging-dealer.cashmycar.olx.in
staging-www.cashmycar.olx.in
www.stage.cashmycar.olx.in
stage.cashmycar.olx.in
test9.cashmycar.olx.in
mqa.olx.in
qa10.olx.in
test31.cashmycar.olx.in
*.test32.cashmycar.olx.in
*.test33.cashmycar.olx.in
test26.cashmycar.olx.in
*.test27.cashmycar.olx.in
*.test28.cashmycar.olx.in
*.test29.cashmycar.olx.in
test24.cashmycar.olx.in
test16.cashmycar.olx.in
*.test17.cashmycar.olx.in
*.test18.cashmycar.olx.in
notify.olx.in
ssl.olx.in
Error: No search results found
[1m[37m
       |                 |               \ \  / 
  __|  __ \    _ \    _` |   _` |  __ \   \  /  
\__ \  | | |  (   |  (   |  (   |  |   |     \  
____/ _| |_| \___/  \__,_| \__,_| _|  _|  _/\_\ 
                                                

    
                     Author : D.SanjaiKumar @CyberRevoltSecurities

